0 info it worked if it ends with ok
1 verbose cli [ '/usr/local/Cellar/node/0.10.9/bin/node',
1 verbose cli   '/usr/local/bin/npm',
1 verbose cli   'install' ]
2 info using npm@1.2.24
3 info using node@v0.10.9
4 verbose read json /Users/quentinvoiriot/Documents/test_coffee_to_js_contrib--/package.json
5 warn package.json test_coffee_to_js@0.1.0 No repository field.
6 warn package.json test_coffee_to_js@0.1.0 No readme data.
7 verbose readDependencies using package.json deps
8 verbose install where, deps [ '/Users/quentinvoiriot/Documents/test_coffee_to_js_contrib--',
8 verbose install   [ 'grunt',
8 verbose install     'grunt-exec',
8 verbose install     'grunt-reload',
8 verbose install     'grunt-contrib-coffee',
8 verbose install     'grunt-contrib-connect',
8 verbose install     'grunt-contrib-watch',
8 verbose install     'grunt-contrib-copy',
8 verbose install     'grunt-contrib-clean' ] ]
9 verbose from cache /Users/quentinvoiriot/Documents/test_coffee_to_js_contrib--/package.json
10 info preinstall test_coffee_to_js@0.1.0
11 verbose read json /Users/quentinvoiriot/Documents/test_coffee_to_js_contrib--/node_modules/grunt/package.json
12 verbose read json /Users/quentinvoiriot/Documents/test_coffee_to_js_contrib--/node_modules/grunt-contrib-clean/package.json
13 verbose read json /Users/quentinvoiriot/Documents/test_coffee_to_js_contrib--/node_modules/grunt-contrib-coffee/package.json
14 verbose read json /Users/quentinvoiriot/Documents/test_coffee_to_js_contrib--/node_modules/grunt-contrib-connect/package.json
15 verbose read json /Users/quentinvoiriot/Documents/test_coffee_to_js_contrib--/node_modules/grunt-contrib-copy/package.json
16 verbose read json /Users/quentinvoiriot/Documents/test_coffee_to_js_contrib--/node_modules/grunt-contrib-watch/package.json
17 verbose read json /Users/quentinvoiriot/Documents/test_coffee_to_js_contrib--/node_modules/grunt-exec/package.json
18 verbose read json /Users/quentinvoiriot/Documents/test_coffee_to_js_contrib--/node_modules/grunt-reload/package.json
19 verbose from cache /Users/quentinvoiriot/Documents/test_coffee_to_js_contrib--/package.json
20 verbose readDependencies using package.json deps
21 verbose from cache /Users/quentinvoiriot/Documents/test_coffee_to_js_contrib--/node_modules/grunt/package.json
22 verbose from cache /Users/quentinvoiriot/Documents/test_coffee_to_js_contrib--/node_modules/grunt-contrib-clean/package.json
23 verbose from cache /Users/quentinvoiriot/Documents/test_coffee_to_js_contrib--/node_modules/grunt-contrib-coffee/package.json
24 verbose from cache /Users/quentinvoiriot/Documents/test_coffee_to_js_contrib--/node_modules/grunt-contrib-connect/package.json
25 verbose from cache /Users/quentinvoiriot/Documents/test_coffee_to_js_contrib--/node_modules/grunt-contrib-copy/package.json
26 verbose from cache /Users/quentinvoiriot/Documents/test_coffee_to_js_contrib--/node_modules/grunt-contrib-watch/package.json
27 verbose from cache /Users/quentinvoiriot/Documents/test_coffee_to_js_contrib--/node_modules/grunt-exec/package.json
28 verbose from cache /Users/quentinvoiriot/Documents/test_coffee_to_js_contrib--/node_modules/grunt-reload/package.json
29 verbose cache add [ 'grunt-reload@0.4.0', null ]
30 verbose cache add name=undefined spec="grunt-reload@0.4.0" args=["grunt-reload@0.4.0",null]
31 verbose parsed url { protocol: null,
31 verbose parsed url   slashes: null,
31 verbose parsed url   auth: null,
31 verbose parsed url   host: null,
31 verbose parsed url   port: null,
31 verbose parsed url   hostname: null,
31 verbose parsed url   hash: null,
31 verbose parsed url   search: null,
31 verbose parsed url   query: null,
31 verbose parsed url   pathname: 'grunt-reload@0.4.0',
31 verbose parsed url   path: 'grunt-reload@0.4.0',
31 verbose parsed url   href: 'grunt-reload@0.4.0' }
32 verbose cache add name="grunt-reload" spec="0.4.0" args=["grunt-reload","0.4.0"]
33 verbose parsed url { protocol: null,
33 verbose parsed url   slashes: null,
33 verbose parsed url   auth: null,
33 verbose parsed url   host: null,
33 verbose parsed url   port: null,
33 verbose parsed url   hostname: null,
33 verbose parsed url   hash: null,
33 verbose parsed url   search: null,
33 verbose parsed url   query: null,
33 verbose parsed url   pathname: '0.4.0',
33 verbose parsed url   path: '0.4.0',
33 verbose parsed url   href: '0.4.0' }
34 verbose addNamed [ 'grunt-reload', '0.4.0' ]
35 verbose addNamed [ '0.4.0', '0.4.0' ]
36 verbose already installed skipping grunt@~0.4.0 /Users/quentinvoiriot/Documents/test_coffee_to_js_contrib--
37 verbose already installed skipping grunt-exec@0.4.1 /Users/quentinvoiriot/Documents/test_coffee_to_js_contrib--
38 verbose already installed skipping grunt-contrib-coffee@~0.7.0 /Users/quentinvoiriot/Documents/test_coffee_to_js_contrib--
39 verbose already installed skipping grunt-contrib-connect@~0.3.0 /Users/quentinvoiriot/Documents/test_coffee_to_js_contrib--
40 verbose already installed skipping grunt-contrib-watch@~0.4.4 /Users/quentinvoiriot/Documents/test_coffee_to_js_contrib--
41 verbose already installed skipping grunt-contrib-copy@~0.4.1 /Users/quentinvoiriot/Documents/test_coffee_to_js_contrib--
42 silly lockFile 78038afe-grunt-reload-0-4-0 grunt-reload@0.4.0
43 verbose lock grunt-reload@0.4.0 /Users/quentinvoiriot/.npm/78038afe-grunt-reload-0-4-0.lock
44 verbose already installed skipping grunt-contrib-clean@~0.4.1 /Users/quentinvoiriot/Documents/test_coffee_to_js_contrib--
45 verbose url raw grunt-reload/0.4.0
46 verbose url resolving [ 'https://registry.npmjs.org/', './grunt-reload/0.4.0' ]
47 verbose url resolved https://registry.npmjs.org/grunt-reload/0.4.0
48 info trying registry request attempt 1 at 09:37:55
49 http GET https://registry.npmjs.org/grunt-reload/0.4.0
50 http 404 https://registry.npmjs.org/grunt-reload/0.4.0
51 silly registry.get cb [ 404,
51 silly registry.get   { vary: 'Accept',
51 silly registry.get     server: 'CouchDB/1.3.0 (Erlang OTP/R15B03)',
51 silly registry.get     etag: '"888VD0LT67RBZHFK92XMSRNA5"',
51 silly registry.get     date: 'Wed, 12 Jun 2013 07:37:56 GMT',
51 silly registry.get     'content-type': 'application/json',
51 silly registry.get     'content-length': '36' } ]
52 silly lockFile 78038afe-grunt-reload-0-4-0 grunt-reload@0.4.0
53 silly lockFile 78038afe-grunt-reload-0-4-0 grunt-reload@0.4.0
54 error Error: version not found: 0.4.0 : grunt-reload/0.4.0
54 error     at RegClient.<anonymous> (/usr/local/Cellar/node/0.10.9/lib/node_modules/npm/node_modules/npm-registry-client/lib/request.js:272:14)
54 error     at Request.self.callback (/usr/local/Cellar/node/0.10.9/lib/node_modules/npm/node_modules/request/index.js:148:22)
54 error     at Request.EventEmitter.emit (events.js:98:17)
54 error     at Request.<anonymous> (/usr/local/Cellar/node/0.10.9/lib/node_modules/npm/node_modules/request/index.js:876:14)
54 error     at Request.EventEmitter.emit (events.js:117:20)
54 error     at IncomingMessage.<anonymous> (/usr/local/Cellar/node/0.10.9/lib/node_modules/npm/node_modules/request/index.js:827:12)
54 error     at IncomingMessage.EventEmitter.emit (events.js:117:20)
54 error     at _stream_readable.js:910:16
54 error     at process._tickCallback (node.js:415:13)
55 error If you need help, you may report this log at:
55 error     <http://github.com/isaacs/npm/issues>
55 error or email it to:
55 error     <npm-@googlegroups.com>
56 error System Darwin 12.4.0
57 error command "/usr/local/Cellar/node/0.10.9/bin/node" "/usr/local/bin/npm" "install"
58 error cwd /Users/quentinvoiriot/Documents/test_coffee_to_js_contrib--
59 error node -v v0.10.9
60 error npm -v 1.2.24
61 verbose exit [ 1, true ]
